<?xml version="1.0" encoding="UTF-8"?>
<testng-results ignored="0" total="2" passed="2" failed="0" skipped="0">
  <reporter-output>
  </reporter-output>
  <suite started-at="2024-09-13T10:22:31 IST" name="Default suite" finished-at="2024-09-13T10:22:31 IST" duration-ms="38">
    <groups>
    </groups>
    <test started-at="2024-09-13T10:22:31 IST" name="Default test" finished-at="2024-09-13T10:22:31 IST" duration-ms="38">
      <class name="programs.SampleTest">
        <test-method signature="getDataTest()[pri:0, instance:programs.SampleTest@6631f5ca]" started-at="2024-09-13T10:22:31 IST" name="getDataTest" finished-at="2024-09-13T10:22:31 IST" duration-ms="6" status="PASS">
          <reporter-output>
          </reporter-output>
        </test-method> <!-- getDataTest -->
        <test-method signature="setDataTest()[pri:0, instance:programs.SampleTest@6631f5ca]" started-at="2024-09-13T10:22:31 IST" name="setDataTest" finished-at="2024-09-13T10:22:31 IST" duration-ms="0" status="PASS">
          <reporter-output>
          </reporter-output>
        </test-method> <!-- setDataTest -->
      </class> <!-- programs.SampleTest -->
    </test> <!-- Default test -->
  </suite> <!-- Default suite -->
</testng-results>
